C:\Program Files (x86)\Microsoft Visual Studio\2019\Community\MSBuild\Microsoft\VC\v160\Microsoft.CppBuild.targets(491,5): warning MSB8028: The intermediate directory (x64\Debug\) contains files shared from another project (Laboratoare.vcxproj).  This can lead to incorrect clean and rebuild behavior.
  Camera.cpp
  main.cpp
D:\Fac Liana\Graphics Project\Laboratoare\ProiectGrafica\main.cpp(144,11): warning C4244: '=': conversion from 'double' to 'float', possible loss of data
D:\Fac Liana\Graphics Project\Laboratoare\ProiectGrafica\main.cpp(145,11): warning C4244: '=': conversion from 'double' to 'float', possible loss of data
D:\Fac Liana\Graphics Project\Laboratoare\ProiectGrafica\main.cpp(149,16): warning C4244: 'initializing': conversion from 'double' to 'float', possible loss of data
D:\Fac Liana\Graphics Project\Laboratoare\ProiectGrafica\main.cpp(150,16): warning C4244: 'initializing': conversion from 'double' to 'float', possible loss of data
D:\Fac Liana\Graphics Project\Laboratoare\ProiectGrafica\main.cpp(152,10): warning C4244: '=': conversion from 'double' to 'float', possible loss of data
D:\Fac Liana\Graphics Project\Laboratoare\ProiectGrafica\main.cpp(153,10): warning C4244: '=': conversion from 'double' to 'float', possible loss of data
D:\Fac Liana\Graphics Project\Laboratoare\ProiectGrafica\main.cpp(275,33): warning C4305: 'argument': truncation from 'double' to 'GLclampf'
D:\Fac Liana\Graphics Project\Laboratoare\ProiectGrafica\main.cpp(416,17): warning C4244: 'initializing': conversion from 'double' to 'float', possible loss of data
  Mesh.cpp
D:\Fac Liana\Graphics Project\Laboratoare\ProiectGrafica\Mesh.cpp(32,72): warning C4267: 'argument': conversion from 'size_t' to 'GLsizei', possible loss of data
  Model3D.cpp
D:\Fac Liana\Graphics Project\Laboratoare\ProiectGrafica\Model3D.cpp(89,40): warning C4267: 'argument': conversion from 'size_t' to '_Ty', possible loss of data
          with
          [
              _Ty=GLuint
          ]
D:\Fac Liana\Graphics Project\Laboratoare\ProiectGrafica\Model3D.cpp(97,46): warning C4267: 'initializing': conversion from 'size_t' to 'int', possible loss of data
  Shader.cpp
  SkyBox.cpp
  Source.cpp
  stb_image.cpp
  stdafx.cpp
  tiny_obj_loader.cpp
  Generating Code...
  stb_image.c
D:\Fac Liana\Graphics Project\Laboratoare\ProiectGrafica\stb_image.c(119,1): warning C4028: formal parameter 2 different from declaration
D:\Fac Liana\Graphics Project\Laboratoare\ProiectGrafica\stb_image.c(429,1): warning C4244: 'initializing': conversion from '__int64' to 'int', possible loss of data
D:\Fac Liana\Graphics Project\Laboratoare\ProiectGrafica\stb_image.c(442,1): warning C4244: 'initializing': conversion from '__int64' to 'int', possible loss of data
x64\Debug\stb_image.obj : warning LNK4042: object specified more than once; extras ignored
LINK : warning LNK4217: symbol '__glewActiveTexture' defined in 'libglew32d.lib(glew.obj)' is imported by 'Mesh.obj' in function '"public: void __cdecl gps::Mesh::Draw(class gps::Shader)" (?Draw@Mesh@gps@@QEAAXVShader@2@@Z)'
LINK : warning LNK4217: symbol '__glewBindBuffer' defined in 'libglew32d.lib(glew.obj)' is imported by 'Mesh.obj' in function '"private: void __cdecl gps::Mesh::setupMesh(void)" (?setupMesh@Mesh@gps@@AEAAXXZ)'
LINK : warning LNK4217: symbol '__glewBufferData' defined in 'libglew32d.lib(glew.obj)' is imported by 'Mesh.obj' in function '"private: void __cdecl gps::Mesh::setupMesh(void)" (?setupMesh@Mesh@gps@@AEAAXXZ)'
LINK : warning LNK4217: symbol '__glewGenBuffers' defined in 'libglew32d.lib(glew.obj)' is imported by 'Mesh.obj' in function '"private: void __cdecl gps::Mesh::setupMesh(void)" (?setupMesh@Mesh@gps@@AEAAXXZ)'
LINK : warning LNK4217: symbol '__glewEnableVertexAttribArray' defined in 'libglew32d.lib(glew.obj)' is imported by 'Mesh.obj' in function '"private: void __cdecl gps::Mesh::setupMesh(void)" (?setupMesh@Mesh@gps@@AEAAXXZ)'
LINK : warning LNK4217: symbol '__glewGetUniformLocation' defined in 'libglew32d.lib(glew.obj)' is imported by 'Mesh.obj' in function '"public: void __cdecl gps::Mesh::Draw(class gps::Shader)" (?Draw@Mesh@gps@@QEAAXVShader@2@@Z)'
LINK : warning LNK4217: symbol '__glewUniform1i' defined in 'libglew32d.lib(glew.obj)' is imported by 'Mesh.obj' in function '"public: void __cdecl gps::Mesh::Draw(class gps::Shader)" (?Draw@Mesh@gps@@QEAAXVShader@2@@Z)'
LINK : warning LNK4217: symbol '__glewVertexAttribPointer' defined in 'libglew32d.lib(glew.obj)' is imported by 'Mesh.obj' in function '"private: void __cdecl gps::Mesh::setupMesh(void)" (?setupMesh@Mesh@gps@@AEAAXXZ)'
LINK : warning LNK4217: symbol '__glewBindVertexArray' defined in 'libglew32d.lib(glew.obj)' is imported by 'Mesh.obj' in function '"public: void __cdecl gps::Mesh::Draw(class gps::Shader)" (?Draw@Mesh@gps@@QEAAXVShader@2@@Z)'
LINK : warning LNK4217: symbol '__glewGenVertexArrays' defined in 'libglew32d.lib(glew.obj)' is imported by 'Mesh.obj' in function '"private: void __cdecl gps::Mesh::setupMesh(void)" (?setupMesh@Mesh@gps@@AEAAXXZ)'
LINK : warning LNK4217: symbol '__glewDeleteBuffers' defined in 'libglew32d.lib(glew.obj)' is imported by 'Model3D.obj' in function '"public: __cdecl gps::Model3D::~Model3D(void)" (??1Model3D@gps@@QEAA@XZ)'
LINK : warning LNK4217: symbol '__glewGenerateMipmap' defined in 'libglew32d.lib(glew.obj)' is imported by 'Model3D.obj' in function '"private: unsigned int __cdecl gps::Model3D::ReadTextureFromFile(char const *)" (?ReadTextureFromFile@Model3D@gps@@AEAAIPEBD@Z)'
LINK : warning LNK4217: symbol '__glewDeleteVertexArrays' defined in 'libglew32d.lib(glew.obj)' is imported by 'Model3D.obj' in function '"public: __cdecl gps::Model3D::~Model3D(void)" (??1Model3D@gps@@QEAA@XZ)'
glfw3.lib(context.obj) : warning LNK4099: PDB 'glfw3.pdb' was not found with 'glfw3.lib(context.obj)' or at 'D:\Fac Liana\Graphics Project\Laboratoare\x64\Debug\glfw3.pdb'; linking object as if no debug info
glfw3.lib(init.obj) : warning LNK4099: PDB 'glfw3.pdb' was not found with 'glfw3.lib(init.obj)' or at 'D:\Fac Liana\Graphics Project\Laboratoare\x64\Debug\glfw3.pdb'; linking object as if no debug info
glfw3.lib(input.obj) : warning LNK4099: PDB 'glfw3.pdb' was not found with 'glfw3.lib(input.obj)' or at 'D:\Fac Liana\Graphics Project\Laboratoare\x64\Debug\glfw3.pdb'; linking object as if no debug info
glfw3.lib(monitor.obj) : warning LNK4099: PDB 'glfw3.pdb' was not found with 'glfw3.lib(monitor.obj)' or at 'D:\Fac Liana\Graphics Project\Laboratoare\x64\Debug\glfw3.pdb'; linking object as if no debug info
glfw3.lib(vulkan.obj) : warning LNK4099: PDB 'glfw3.pdb' was not found with 'glfw3.lib(vulkan.obj)' or at 'D:\Fac Liana\Graphics Project\Laboratoare\x64\Debug\glfw3.pdb'; linking object as if no debug info
glfw3.lib(window.obj) : warning LNK4099: PDB 'glfw3.pdb' was not found with 'glfw3.lib(window.obj)' or at 'D:\Fac Liana\Graphics Project\Laboratoare\x64\Debug\glfw3.pdb'; linking object as if no debug info
glfw3.lib(win32_init.obj) : warning LNK4099: PDB 'glfw3.pdb' was not found with 'glfw3.lib(win32_init.obj)' or at 'D:\Fac Liana\Graphics Project\Laboratoare\x64\Debug\glfw3.pdb'; linking object as if no debug info
glfw3.lib(win32_joystick.obj) : warning LNK4099: PDB 'glfw3.pdb' was not found with 'glfw3.lib(win32_joystick.obj)' or at 'D:\Fac Liana\Graphics Project\Laboratoare\x64\Debug\glfw3.pdb'; linking object as if no debug info
glfw3.lib(win32_monitor.obj) : warning LNK4099: PDB 'glfw3.pdb' was not found with 'glfw3.lib(win32_monitor.obj)' or at 'D:\Fac Liana\Graphics Project\Laboratoare\x64\Debug\glfw3.pdb'; linking object as if no debug info
glfw3.lib(win32_time.obj) : warning LNK4099: PDB 'glfw3.pdb' was not found with 'glfw3.lib(win32_time.obj)' or at 'D:\Fac Liana\Graphics Project\Laboratoare\x64\Debug\glfw3.pdb'; linking object as if no debug info
glfw3.lib(win32_thread.obj) : warning LNK4099: PDB 'glfw3.pdb' was not found with 'glfw3.lib(win32_thread.obj)' or at 'D:\Fac Liana\Graphics Project\Laboratoare\x64\Debug\glfw3.pdb'; linking object as if no debug info
glfw3.lib(win32_window.obj) : warning LNK4099: PDB 'glfw3.pdb' was not found with 'glfw3.lib(win32_window.obj)' or at 'D:\Fac Liana\Graphics Project\Laboratoare\x64\Debug\glfw3.pdb'; linking object as if no debug info
glfw3.lib(wgl_context.obj) : warning LNK4099: PDB 'glfw3.pdb' was not found with 'glfw3.lib(wgl_context.obj)' or at 'D:\Fac Liana\Graphics Project\Laboratoare\x64\Debug\glfw3.pdb'; linking object as if no debug info
glfw3.lib(egl_context.obj) : warning LNK4099: PDB 'glfw3.pdb' was not found with 'glfw3.lib(egl_context.obj)' or at 'D:\Fac Liana\Graphics Project\Laboratoare\x64\Debug\glfw3.pdb'; linking object as if no debug info
glfw3.lib(osmesa_context.obj) : warning LNK4099: PDB 'glfw3.pdb' was not found with 'glfw3.lib(osmesa_context.obj)' or at 'D:\Fac Liana\Graphics Project\Laboratoare\x64\Debug\glfw3.pdb'; linking object as if no debug info
libglew32d.lib(glew.obj) : warning LNK4099: PDB 'libglew32d.pdb' was not found with 'libglew32d.lib(glew.obj)' or at 'D:\Fac Liana\Graphics Project\Laboratoare\x64\Debug\libglew32d.pdb'; linking object as if no debug info
  ProiectGrafica.vcxproj -> D:\Fac Liana\Graphics Project\Laboratoare\x64\Debug\ProiectGrafica.exe
